# JRE version: Java(TM) SE Runtime Environment (8.0_101-b13) (build 1.8.0_101-b13)
# Java VM: Java HotSpot(TM) 64-Bit Server VM (25.101-b13 mixed mode windows-amd64 compressed oops)
Heap:
 PSYoungGen      total 462336K, used 264790K [0x0000000717980000, 0x0000000738900000, 0x00000007c0000000)
  eden space 449536K, 58% used [0x0000000717980000,0x0000000727c15a68,0x0000000733080000)
  from space 12800K, 0% used [0x0000000736b00000,0x0000000736b00000,0x0000000737780000)
  to   space 17920K, 0% used [0x0000000737780000,0x0000000737780000,0x0000000738900000)
 ParOldGen       total 411648K, used 41844K [0x00000005c6c00000, 0x00000005dfe00000, 0x0000000717980000)
  object space 411648K, 10% used [0x00000005c6c00000,0x00000005c94dd1f8,0x00000005dfe00000)
 Metaspace       used 41871K, capacity 42325K, committed 42840K, reserved 1087488K
  class space    used 5500K, capacity 5667K, committed 5760K, reserved 1048576K
GC Heap History (10 events):
Event: 6.089 GC heap before
{Heap before GC invocations=3 (full 0):
 PSYoungGen      total 280576K, used 77025K [0x0000000717980000, 0x000000072a080000, 0x00000007c0000000)
  eden space 259072K, 21% used [0x0000000717980000,0x000000071afbfb38,0x0000000727680000)
  from space 21504K, 99% used [0x0000000728b80000,0x000000072a078be0,0x000000072a080000)
  to   space 21504K, 0% used [0x0000000727680000,0x0000000727680000,0x0000000728b80000)
 ParOldGen       total 345600K, used 13843K [0x00000005c6c00000, 0x00000005dbd80000, 0x0000000717980000)
  object space 345600K, 4% used [0x00000005c6c00000,0x00000005c7984f60,0x00000005dbd80000)
 Metaspace       used 20852K, capacity 21050K, committed 21248K, reserved 1067008K
  class space    used 2697K, capacity 2770K, committed 2816K, reserved 1048576K
Event: 6.130 GC heap after
Heap after GC invocations=3 (full 0):
 PSYoungGen      total 280576K, used 21480K [0x0000000717980000, 0x0000000739d80000, 0x00000007c0000000)
  eden space 259072K, 0% used [0x0000000717980000,0x0000000717980000,0x0000000727680000)
  from space 21504K, 99% used [0x0000000727680000,0x0000000728b7a2a8,0x0000000728b80000)
  to   space 21504K, 0% used [0x0000000738880000,0x0000000738880000,0x0000000739d80000)
 ParOldGen       total 345600K, used 15548K [0x00000005c6c00000, 0x00000005dbd80000, 0x0000000717980000)
  object space 345600K, 4% used [0x00000005c6c00000,0x00000005c7b2f3c8,0x00000005dbd80000)
 Metaspace       used 20852K, capacity 21050K, committed 21248K, reserved 1067008K
  class space    used 2697K, capacity 2770K, committed 2816K, reserved 1048576K
}
Event: 6.130 GC heap before
{Heap before GC invocations=4 (full 1):
 PSYoungGen      total 280576K, used 21480K [0x0000000717980000, 0x0000000739d80000, 0x00000007c0000000)
  eden space 259072K, 0% used [0x0000000717980000,0x0000000717980000,0x0000000727680000)
  from space 21504K, 99% used [0x0000000727680000,0x0000000728b7a2a8,0x0000000728b80000)
  to   space 21504K, 0% used [0x0000000738880000,0x0000000738880000,0x0000000739d80000)
 ParOldGen       total 345600K, used 15548K [0x00000005c6c00000, 0x00000005dbd80000, 0x0000000717980000)
  object space 345600K, 4% used [0x00000005c6c00000,0x00000005c7b2f3c8,0x00000005dbd80000)
 Metaspace       used 20852K, capacity 21050K, committed 21248K, reserved 1067008K
  class space    used 2697K, capacity 2770K, committed 2816K, reserved 1048576K
Event: 6.579 GC heap after
Heap after GC invocations=4 (full 1):
 PSYoungGen      total 280576K, used 0K [0x0000000717980000, 0x0000000739d80000, 0x00000007c0000000)
  eden space 259072K, 0% used [0x0000000717980000,0x0000000717980000,0x0000000727680000)
  from space 21504K, 0% used [0x0000000727680000,0x0000000727680000,0x0000000728b80000)
  to   space 21504K, 0% used [0x0000000738880000,0x0000000738880000,0x0000000739d80000)
 ParOldGen       total 260608K, used 36562K [0x00000005c6c00000, 0x00000005d6a80000, 0x0000000717980000)
  object space 260608K, 14% used [0x00000005c6c00000,0x00000005c8fb4b78,0x00000005d6a80000)
 Metaspace       used 20852K, capacity 21050K, committed 21248K, reserved 1067008K
  class space    used 2697K, capacity 2770K, committed 2816K, reserved 1048576K
}
Event: 9.473 GC heap before
{Heap before GC invocations=5 (full 1):
 PSYoungGen      total 280576K, used 259072K [0x0000000717980000, 0x0000000739d80000, 0x00000007c0000000)
  eden space 259072K, 100% used [0x0000000717980000,0x0000000727680000,0x0000000727680000)
  from space 21504K, 0% used [0x0000000727680000,0x0000000727680000,0x0000000728b80000)
  to   space 21504K, 0% used [0x0000000738880000,0x0000000738880000,0x0000000739d80000)
 ParOldGen       total 260608K, used 36562K [0x00000005c6c00000, 0x00000005d6a80000, 0x0000000717980000)
  object space 260608K, 14% used [0x00000005c6c00000,0x00000005c8fb4b78,0x00000005d6a80000)
 Metaspace       used 30247K, capacity 30527K, committed 30848K, reserved 1075200K
  class space    used 4021K, capacity 4112K, committed 4224K, reserved 1048576K
Event: 9.487 GC heap after
Heap after GC invocations=5 (full 1):
 PSYoungGen      total 358400K, used 12557K [0x0000000717980000, 0x0000000739500000, 0x00000007c0000000)
  eden space 345600K, 0% used [0x0000000717980000,0x0000000717980000,0x000000072cb00000)
  from space 12800K, 98% used [0x0000000738880000,0x00000007394c3778,0x0000000739500000)
  to   space 21504K, 0% used [0x0000000736b00000,0x0000000736b00000,0x0000000738000000)
 ParOldGen       total 260608K, used 36570K [0x00000005c6c00000, 0x00000005d6a80000, 0x0000000717980000)
  object space 260608K, 14% used [0x00000005c6c00000,0x00000005c8fb6b78,0x00000005d6a80000)
 Metaspace       used 30247K, capacity 30527K, committed 30848K, reserved 1075200K
  class space    used 4021K, capacity 4112K, committed 4224K, reserved 1048576K
}
Event: 11.215 GC heap before
{Heap before GC invocations=6 (full 1):
 PSYoungGen      total 358400K, used 223602K [0x0000000717980000, 0x0000000739500000, 0x00000007c0000000)
  eden space 345600K, 61% used [0x0000000717980000,0x0000000724799390,0x000000072cb00000)
  from space 12800K, 98% used [0x0000000738880000,0x00000007394c3778,0x0000000739500000)
  to   space 21504K, 0% used [0x0000000736b00000,0x0000000736b00000,0x0000000738000000)
 ParOldGen       total 260608K, used 36570K [0x00000005c6c00000, 0x00000005d6a80000, 0x0000000717980000)
  object space 260608K, 14% used [0x00000005c6c00000,0x00000005c8fb6b78,0x00000005d6a80000)
 Metaspace       used 34878K, capacity 35151K, committed 35416K, reserved 1079296K
  class space    used 4627K, capacity 4732K, committed 4736K, reserved 1048576K
Event: 11.243 GC heap after
Heap after GC invocations=6 (full 1):
 PSYoungGen      total 462336K, used 12402K [0x0000000717980000, 0x0000000738900000, 0x00000007c0000000)
  eden space 449536K, 0% used [0x0000000717980000,0x0000000717980000,0x0000000733080000)
  from space 12800K, 96% used [0x0000000736b00000,0x000000073771c978,0x0000000737780000)
  to   space 17920K, 0% used [0x0000000737780000,0x0000000737780000,0x0000000738900000)
 ParOldGen       total 260608K, used 36578K [0x00000005c6c00000, 0x00000005d6a80000, 0x0000000717980000)
  object space 260608K, 14% used [0x00000005c6c00000,0x00000005c8fb8b78,0x00000005d6a80000)
 Metaspace       used 34878K, capacity 35151K, committed 35416K, reserved 1079296K
  class space    used 4627K, capacity 4732K, committed 4736K, reserved 1048576K
}
Event: 11.243 GC heap before
{Heap before GC invocations=7 (full 2):
 PSYoungGen      total 462336K, used 12402K [0x0000000717980000, 0x0000000738900000, 0x00000007c0000000)
  eden space 449536K, 0% used [0x0000000717980000,0x0000000717980000,0x0000000733080000)
  from space 12800K, 96% used [0x0000000736b00000,0x000000073771c978,0x0000000737780000)
  to   space 17920K, 0% used [0x0000000737780000,0x0000000737780000,0x0000000738900000)
 ParOldGen       total 260608K, used 36578K [0x00000005c6c00000, 0x00000005d6a80000, 0x0000000717980000)
  object space 260608K, 14% used [0x00000005c6c00000,0x00000005c8fb8b78,0x00000005d6a80000)
 Metaspace       used 34878K, capacity 35151K, committed 35416K, reserved 1079296K
  class space    used 4627K, capacity 4732K, committed 4736K, reserved 1048576K
Event: 11.611 GC heap after
Heap after GC invocations=7 (full 2):
 PSYoungGen      total 462336K, used 0K [0x0000000717980000, 0x0000000738900000, 0x00000007c0000000)
  eden space 449536K, 0% used [0x0000000717980000,0x0000000717980000,0x0000000733080000)
  from space 12800K, 0% used [0x0000000736b00000,0x0000000736b00000,0x0000000737780000)
  to   space 17920K, 0% used [0x0000000737780000,0x0000000737780000,0x0000000738900000)
 ParOldGen       total 411648K, used 41844K [0x00000005c6c00000, 0x00000005dfe00000, 0x0000000717980000)
  object space 411648K, 10% used [0x00000005c6c00000,0x00000005c94dd1f8,0x00000005dfe00000)
 Metaspace       used 34878K, capacity 35151K, committed 35416K, reserved 1079296K
  class space    used 4627K, capacity 4732K, committed 4736K, reserved 1048576K
}

